{
  "stats": {
    "suites": 1,
    "tests": 2,
    "passes": 2,
    "pending": 0,
    "failures": 0,
    "start": "2023-04-25T12:24:51.955Z",
    "end": "2023-04-25T12:25:01.549Z",
    "duration": 9594,
    "testsRegistered": 2,
    "passPercent": 100,
    "pendingPercent": 0,
    "other": 0,
    "hasOther": false,
    "skipped": 0,
    "hasSkipped": false
  },
  "results": [
    {
      "uuid": "38749933-6b0d-4819-981c-0b0e806bcbe6",
      "title": "",
      "fullFile": "/Volumes/HDD ANGEL/testapi/test/get_neows_test.js",
      "file": "/test/get_neows_test.js",
      "beforeHooks": [],
      "afterHooks": [],
      "tests": [],
      "suites": [
        {
          "uuid": "b8bca331-f1a7-479f-84cc-641469113516",
          "title": "@get As User I want to see data NeOWS",
          "fullFile": "/Volumes/HDD ANGEL/testapi/test/get_neows_test.js",
          "file": "/test/get_neows_test.js",
          "beforeHooks": [],
          "afterHooks": [],
          "tests": [
            {
              "title": "@positive As User I want to see object near earth",
              "fullTitle": "@get As User I want to see data NeOWS @positive As User I want to see object near earth",
              "timedOut": false,
              "duration": 8556,
              "state": "passed",
              "speed": "slow",
              "pass": true,
              "fail": false,
              "pending": false,
              "context": null,
              "code": "const response = await page.getNeows(payload);\nassert(response.status).to.equal(200);\nassert(response.body).to.be.jsonSchema(schema);",
              "err": {},
              "uuid": "91d1a2a8-8c8e-48e8-9c39-eeb9d25af77f",
              "parentUUID": "b8bca331-f1a7-479f-84cc-641469113516",
              "isHook": false,
              "skipped": false
            },
            {
              "title": "@negative As User I want to see object near earth more than 7 days",
              "fullTitle": "@get As User I want to see data NeOWS @negative As User I want to see object near earth more than 7 days",
              "timedOut": false,
              "duration": 1027,
              "state": "passed",
              "speed": "slow",
              "pass": true,
              "fail": false,
              "pending": false,
              "context": null,
              "code": "payload.end_date = \"2022-02-01\";\nconst response = await page.getNeows(payload);\nassert(response.status).to.equal(400);",
              "err": {},
              "uuid": "3ea1428d-613c-45f0-b2e1-a8db730b3f1f",
              "parentUUID": "b8bca331-f1a7-479f-84cc-641469113516",
              "isHook": false,
              "skipped": false
            }
          ],
          "suites": [],
          "passes": [
            "91d1a2a8-8c8e-48e8-9c39-eeb9d25af77f",
            "3ea1428d-613c-45f0-b2e1-a8db730b3f1f"
          ],
          "failures": [],
          "pending": [],
          "skipped": [],
          "duration": 9583,
          "root": false,
          "rootEmpty": false,
          "_timeout": 180000
        }
      ],
      "passes": [],
      "failures": [],
      "pending": [],
      "skipped": [],
      "duration": 0,
      "root": true,
      "rootEmpty": true,
      "_timeout": 180000
    }
  ],
  "meta": {
    "mocha": {
      "version": "10.2.0"
    },
    "mochawesome": {
      "options": {
        "quiet": false,
        "reportFilename": "mochawesome",
        "saveHtml": true,
        "saveJson": true,
        "consoleReporter": "spec",
        "useInlineDiffs": false,
        "code": true
      },
      "version": "7.1.3"
    },
    "marge": {
      "options": {
        "reportDir": "reports/mochawesome/"
      },
      "version": "6.2.0"
    }
  }
}